20220212T074313_M85_fullindex.dat
NWalk: 512, NStep: 4000, Gal: M85, Fit: FullIndex
Galaxy File: /data2/wifis_reduction/elliot/M85/20171229/science/processed/M85_combined_cube_1_telluricreduced_20210324_Full.fits
Sauron File: /home/elliot/sauronspec/M85_ATLAS3D_Full.fits
Galaxy z: 0.0023
Galaxy sigma: Fit Parameter
Sauron z: 0.0022
Sauron sigma: 215.0
Lines: FeH	NaI	KI_a	KI_b	KI_1.25	NaI123	CaI	HBeta
Params: x1	Na	Age	VelDisp	Fe	x2	Alpha	Z	K
ParamDict: x1: None    Na: None    Age: None    VelDisp: None    Fe: None    x2: None    Alpha: None    Z: None    K: None
Sauron Only: False
Comments: Larger radius - Alpha w/ CaI - Paper Revision
Runtime: 105.356345518Minutes


20220212T092835_M85_fullindex.dat
NWalk: 512, NStep: 4000, Gal: M85, Fit: FullIndex
Galaxy File: /data2/wifis_reduction/elliot/M85/20171229/science/processed/M85_combined_cube_1_telluricreduced_20210324_Re2.fits
Sauron File: /home/elliot/sauronspec/M85_ATLAS3D_Re2.fits
Galaxy z: 0.0023
Galaxy sigma: Fit Parameter
Sauron z: 0.0022
Sauron sigma: 215.0
Lines: FeH	NaI	KI_a	KI_b	KI_1.25	NaI123	CaI	HBeta
Params: x1	Na	Age	VelDisp	Fe	x2	Alpha	Z	K
ParamDict: x1: None    Na: None    Age: None    VelDisp: None    Fe: None    x2: None    Alpha: None    Z: None    K: None
Sauron Only: False
Comments: Re/4 - Alpha w/ CaI - Paper Revision
Runtime: 106.964414887Minutes


20220212T111534_NGC5557_fullindex.dat
NWalk: 512, NStep: 4000, Gal: NGC5557, Fit: FullIndex
Galaxy File: /data2/wifis_reduction/elliot/NGC5557/20180302/processed/NGC5557_combined_cube_1_telluricreduced_20210304_Full.fits
Sauron File: /home/elliot/sauronspec/NGC5557_ATLAS3D_Full.fits
Galaxy z: 0.0107
Galaxy sigma: Fit Parameter
Sauron z: 0.01
Sauron sigma: 250.0
Lines: FeH	NaI	KI_a	KI_b	KI_1.25	NaI127	HBeta
Params: x1	Na	Age	VelDisp	Fe	x2	Alpha	Z	K
ParamDict: x1: None    Na: None    Age: None    VelDisp: None    Fe: None    x2: None    Alpha: None    Z: None    K: None
Sauron Only: False
Comments: Full - Alpha - Paper Revision
Runtime: 87.9769883672Minutes


20220212T124332_NGC5557_fullindex.dat
NWalk: 512, NStep: 4000, Gal: NGC5557, Fit: FullIndex
Galaxy File: /data2/wifis_reduction/elliot/NGC5557/20180302/processed/NGC5557_combined_cube_1_telluricreduced_20210324_Re2.fits
Sauron File: /home/elliot/sauronspec/NGC5557_ATLAS3D_Re2.fits
Galaxy z: 0.0107
Galaxy sigma: Fit Parameter
Sauron z: 0.01051
Sauron sigma: 238.0
Lines: FeH	NaI	KI_a	KI_b	KI_1.25	NaI127	HBeta
Params: x1	Na	Age	VelDisp	Fe	x2	Alpha	Z	K
ParamDict: x1: None    Na: None    Age: None    VelDisp: None    Fe: None    x2: None    Alpha: None    Z: None    K: None
Sauron Only: False
Comments: Re/4 - Alpha - Paper Revision
Runtime: 90.1793671846Minutes


20220212T141344_M85_fullindex.dat
NWalk: 512, NStep: 4000, Gal: M85, Fit: FullIndex
Galaxy File: /data2/wifis_reduction/elliot/M85/20171229/science/processed/M85_combined_cube_1_telluricreduced_20210324_Full.fits
Sauron File: /home/elliot/sauronspec/M85_ATLAS3D_Full.fits
Galaxy z: 0.0023
Galaxy sigma: Fit Parameter
Sauron z: 0.0022
Sauron sigma: 215.0
Lines: FeH	NaI	KI_a	KI_b	KI_1.25	NaI123	HBeta
Params: x1	Na	Age	VelDisp	Fe	x2	Alpha	Z	K
ParamDict: x1: None    Na: None    Age: None    VelDisp: None    Fe: None    x2: None    Alpha: None    Z: None    K: None
Sauron Only: False
Comments: Larger radius - Alpha no CaI - Paper Revision
Runtime: 105.749281216Minutes


20220212T155929_M85_fullindex.dat
NWalk: 512, NStep: 4000, Gal: M85, Fit: FullIndex
Galaxy File: /data2/wifis_reduction/elliot/M85/20171229/science/processed/M85_combined_cube_1_telluricreduced_20210324_Re2.fits
Sauron File: /home/elliot/sauronspec/M85_ATLAS3D_Re2.fits
Galaxy z: 0.0023
Galaxy sigma: Fit Parameter
Sauron z: 0.0022
Sauron sigma: 215.0
Lines: FeH	NaI	KI_a	KI_b	KI_1.25	NaI123	HBeta
Params: x1	Na	Age	VelDisp	Fe	x2	Alpha	Z	K
ParamDict: x1: None    Na: None    Age: None    VelDisp: None    Fe: None    x2: None    Alpha: None    Z: None    K: None
Sauron Only: False
Comments: Re/4 - Alpha no CaI - Paper Revision
Runtime: 107.236111434Minutes

